<?xml version='1.0' encoding='UTF-8'?>
<testsuite hostname="ig2019" name="battleships.battleShipTestsScala" tests="3" errors="0" failures="0" skipped="0" time="0.032" timestamp="2019-09-18T13:13:52">
                     <properties>
[...]
</properties>
                     <testcase classname="battleships.battleShipTestsScala" name="If I want to test something I can tests whatever I want like that : A new created undefined Cell has no properties" time="0.028">
                                                 
                                               </testcase><testcase classname="battleships.battleShipTestsScala" name="A nonhit list return something" time="0.002">
                                                 
                                               </testcase><testcase classname="battleships.battleShipTestsScala" name="An hit list return something" time="0.002">
                                                 
                                               </testcase>
                     <system-out><![CDATA[]]></system-out>
                     <system-err><![CDATA[]]></system-err>
                   </testsuite>